<?xml version="1.0" encoding="UTF-8"?>
<!-- Generated by org.testng.reporters.JUnitReportReporter -->
<testsuite skipped="0" hostname="DESKTOP-3ROKAB7" name="com.TestRunnner.TestRunnerrrrr" tests="1" failures="0" timestamp="2021-06-01T22:14:17 CDT" time="9.038" errors="0">
  <testcase name="feature" time="9.038" classname="com.TestRunnner.TestRunnerrrrr"/>
  <system-out/>
</testsuite> <!-- com.TestRunnner.TestRunnerrrrr -->
